Watching for file changes with StatReloader
Watching for file changes with StatReloader
Watching for file changes with StatReloader
C:\Users\pinja\OneDrive\Desktop\internship\accessibility_backend\settings.py changed, reloading.
Watching for file changes with StatReloader
Watching for file changes with StatReloader
C:\Users\pinja\OneDrive\Desktop\internship\accessibility_backend\settings.py changed, reloading.
Watching for file changes with StatReloader
C:\Users\pinja\OneDrive\Desktop\internship\accessibility_backend\settings.py changed, reloading.
Watching for file changes with StatReloader
Watching for file changes with StatReloader
Watching for file changes with StatReloader
Watching for file changes with StatReloader
Watching for file changes with StatReloader
C:\Users\pinja\OneDrive\Desktop\internship\accessibility_backend\settings.py changed, reloading.
Watching for file changes with StatReloader
Watching for file changes with StatReloader
Not Found: /
Not Found: /favicon.ico
Not Found: /favicon.ico
Watching for file changes with StatReloader
Watching for file changes with StatReloader
Not Found: /
Not Found: /favicon.ico
Not Found: /api
Not Found: /health
Not Found: /test
Watching for file changes with StatReloader
Not Found: /
Not Found: /favicon.ico
C:\Users\pinja\OneDrive\Desktop\internship\accessibility_backend\urls.py changed, reloading.
Watching for file changes with StatReloader
Not Found: /
C:\Users\pinja\OneDrive\Desktop\internship\accessibility_backend\urls.py changed, reloading.
Watching for file changes with StatReloader
Not Found: /
Not Found: /favicon.ico
Watching for file changes with StatReloader
Not Found: /
Not Found: /favicon.ico
C:\Users\pinja\OneDrive\Desktop\internship\accessibility_backend\urls.py changed, reloading.
Watching for file changes with StatReloader
Not Found: /favicon.ico
Watching for file changes with StatReloader
Not Found: /admin/
Not Found: /favicon.ico
C:\Users\pinja\OneDrive\Desktop\internship\accessibility_backend\urls.py changed, reloading.
Watching for file changes with StatReloader
Not Found: /favicon.ico
Watching for file changes with StatReloader
Not Found: /favicon.ico
